<?xml version="1.0" encoding="UTF-8"?>
<!-- Generated by org.testng.reporters.JUnitXMLReporter -->
<testsuite hostname="LAPTOP-H5BJUJG2" ignored="0" name="Default test" tests="3" failures="0" timestamp="2020-06-09T21:20:24 IST" time="100.75" errors="0">
  <testcase name="bookflight" time="94.273" classname="testcases.MMT_Automation"/>
  <testcase name="afterTest" time="0.004" classname="testcases.MMT_Automation"/>
  <testcase name="finalTest" time="0.0" classname="testcases.MMT_Automation"/>
</testsuite> <!-- Default test -->
