<?xml version="1.0" encoding="UTF-8"?>
<!-- Generated by org.testng.reporters.JUnitXMLReporter -->
<testsuite hostname="LAPTOP-H5BJUJG2" ignored="0" name="MMT-FLight-Booking" tests="3" failures="1" timestamp="2020-05-18T09:08:09 IST" time="94.126" errors="0">
  <testcase name="bookflight" time="82.47" classname="testcases.MMT_Automation"/>
  <testcase name="afterTest" time="0.011" classname="testcases.MMT_Automation">
    <failure type="java.lang.AssertionError" message="did not expect to find [true] but found [false]">
      <![CDATA[java.lang.AssertionError: did not expect to find [true] but found [false]
at testcases.MMT_Automation.afterTest(MMT_Automation.java:100)
at java.util.ArrayList.forEach(Unknown Source)
... Removed 31 stack frames]]>
    </failure>
  </testcase> <!-- afterTest -->
  <testcase name="finalTest" time="0.003" classname="testcases.MMT_Automation"/>
</testsuite> <!-- MMT-FLight-Booking -->
